1534383487124	geckodriver	INFO	geckodriver 0.21.0
1534383487135	geckodriver	INFO	Listening on 127.0.0.1:57940
1534383488233	mozrunner::runner	INFO	Running command: "/Applications/Firefox.app/Contents/MacOS/firefox-bin" "-marionette" "-foreground" "-no-remote" "-profile" "/var/folders/10/kwpwl6d95jj6vhvvxv9l7gbr0000gn/T/rust_mozprofile.7YAiNAacOghr"
2018-08-15 18:38:09.847 plugin-container[14989:2457673] *** CFMessagePort: bootstrap_register(): failed 1100 (0x44c) 'Permission denied', port = 0x7803, name = 'com.apple.tsm.portname'
See /usr/include/servers/bootstrap_defs.h for the error codes.
2018-08-15 18:38:10.165 plugin-container[14990:2457702] *** CFMessagePort: bootstrap_register(): failed 1100 (0x44c) 'Permission denied', port = 0x7c03, name = 'com.apple.tsm.portname'
See /usr/include/servers/bootstrap_defs.h for the error codes.
1534383490553	Marionette	INFO	Listening on port 57951
1534383490614	Marionette	WARN	TLS certificate errors will be ignored for this session
2018-08-15 18:38:11.178 plugin-container[14991:2457824] *** CFMessagePort: bootstrap_register(): failed 1100 (0x44c) 'Permission denied', port = 0x743f, name = 'com.apple.tsm.portname'
See /usr/include/servers/bootstrap_defs.h for the error codes.
*** UTM:SVC TimerManager:registerTimer called after profile-before-change notification. Ignoring timer registration for id: telemetry_modules_ping
1534444049248	geckodriver	INFO	geckodriver 0.21.0
1534444049267	geckodriver	INFO	Listening on 127.0.0.1:62480
1534444050268	mozrunner::runner	INFO	Running command: "/Applications/Firefox.app/Contents/MacOS/firefox-bin" "-marionette" "-foreground" "-no-remote" "-profile" "/var/folders/10/kwpwl6d95jj6vhvvxv9l7gbr0000gn/T/rust_mozprofile.BRUcwjksVsBT"
2018-08-16 11:27:31.871 plugin-container[16106:2695627] *** CFMessagePort: bootstrap_register(): failed 1100 (0x44c) 'Permission denied', port = 0x823f, name = 'com.apple.tsm.portname'
See /usr/include/servers/bootstrap_defs.h for the error codes.
2018-08-16 11:27:32.237 plugin-container[16107:2695656] *** CFMessagePort: bootstrap_register(): failed 1100 (0x44c) 'Permission denied', port = 0x8503, name = 'com.apple.tsm.portname'
See /usr/include/servers/bootstrap_defs.h for the error codes.
1534444052643	Marionette	INFO	Listening on port 62491
1534444052718	Marionette	WARN	TLS certificate errors will be ignored for this session
2018-08-16 11:27:33.186 firefox-bin[16105:2695431] Persistent UI failed to open file file:///Users/andreasthoma/Library/Saved%20Application%20State/org.mozilla.firefox.savedState/window_1.data: No such file or directory (2)
2018-08-16 11:27:33.581 plugin-container[16108:2695774] *** CFMessagePort: bootstrap_register(): failed 1100 (0x44c) 'Permission denied', port = 0x7103, name = 'com.apple.tsm.portname'
See /usr/include/servers/bootstrap_defs.h for the error codes.
JavaScript error: http://inventwithpython.com/js/bootstrap.min.js, line 7: Error: Bootstrap tooltips require Tether (http://tether.io/)
1534444342635	geckodriver	INFO	geckodriver 0.21.0
1534444342642	geckodriver	INFO	Listening on 127.0.0.1:62591
1534444343665	mozrunner::runner	INFO	Running command: "/Applications/Firefox.app/Contents/MacOS/firefox-bin" "-marionette" "-foreground" "-no-remote" "-profile" "/var/folders/10/kwpwl6d95jj6vhvvxv9l7gbr0000gn/T/rust_mozprofile.zDHsKx5ozYB6"
2018-08-16 11:32:25.543 plugin-container[16132:2700357] *** CFMessagePort: bootstrap_register(): failed 1100 (0x44c) 'Permission denied', port = 0x783f, name = 'com.apple.tsm.portname'
See /usr/include/servers/bootstrap_defs.h for the error codes.
2018-08-16 11:32:25.880 plugin-container[16133:2700382] *** CFMessagePort: bootstrap_register(): failed 1100 (0x44c) 'Permission denied', port = 0x8503, name = 'com.apple.tsm.portname'
See /usr/include/servers/bootstrap_defs.h for the error codes.
1534444346186	Marionette	INFO	Listening on port 62602
1534444346248	Marionette	WARN	TLS certificate errors will be ignored for this session
JavaScript error: http://inventwithpython.com/js/bootstrap.min.js, line 7: Error: Bootstrap tooltips require Tether (http://tether.io/)
2018-08-16 11:32:27.153 plugin-container[16134:2700499] *** CFMessagePort: bootstrap_register(): failed 1100 (0x44c) 'Permission denied', port = 0x903f, name = 'com.apple.tsm.portname'
See /usr/include/servers/bootstrap_defs.h for the error codes.
2018-08-16 11:32:39.774 plugin-container[16135:2700745] *** CFMessagePort: bootstrap_register(): failed 1100 (0x44c) 'Permission denied', port = 0x8743, name = 'com.apple.tsm.portname'
See /usr/include/servers/bootstrap_defs.h for the error codes.
1534444537511	geckodriver	INFO	geckodriver 0.21.0
1534444537530	geckodriver	INFO	Listening on 127.0.0.1:62662
1534444537556	mozrunner::runner	INFO	Running command: "/Applications/Firefox.app/Contents/MacOS/firefox-bin" "-marionette" "-foreground" "-no-remote" "-profile" "/var/folders/10/kwpwl6d95jj6vhvvxv9l7gbr0000gn/T/rust_mozprofile.guM6pPIiDpFg"
2018-08-16 11:35:39.175 plugin-container[16143:2703404] *** CFMessagePort: bootstrap_register(): failed 1100 (0x44c) 'Permission denied', port = 0x763f, name = 'com.apple.tsm.portname'
See /usr/include/servers/bootstrap_defs.h for the error codes.
2018-08-16 11:35:39.440 plugin-container[16144:2703431] *** CFMessagePort: bootstrap_register(): failed 1100 (0x44c) 'Permission denied', port = 0x873f, name = 'com.apple.tsm.portname'
See /usr/include/servers/bootstrap_defs.h for the error codes.
1534444539657	Marionette	INFO	Listening on port 62671
1534444539725	Marionette	WARN	TLS certificate errors will be ignored for this session
JavaScript error: http://inventwithpython.com/js/bootstrap.min.js, line 7: Error: Bootstrap tooltips require Tether (http://tether.io/)
2018-08-16 11:35:40.605 plugin-container[16145:2703539] *** CFMessagePort: bootstrap_register(): failed 1100 (0x44c) 'Permission denied', port = 0x7807, name = 'com.apple.tsm.portname'
See /usr/include/servers/bootstrap_defs.h for the error codes.
Marionette threw an error: TypeError: this.curBrowser.contentBrowser is null
GeckoDriver.prototype.get@chrome://marionette/content/driver.js:1072:3

1534444543407	Marionette	ERROR	No reply from Marionette:Register
JavaScript error: chrome://marionette/content/listener.js, line 464: TypeError: reply[0] is undefined
*** UTM:SVC TimerManager:registerTimer called after profile-before-change notification. Ignoring timer registration for id: telemetry_modules_ping
2018-08-16 11:36:18.171 plugin-container[17577:2708598] *** CFMessagePort: bootstrap_register(): failed 1100 (0x44c) 'Permission denied', port = 0x8643, name = 'com.apple.tsm.portname'
See /usr/include/servers/bootstrap_defs.h for the error codes.
1534444674492	geckodriver	INFO	geckodriver 0.21.0
1534444674498	geckodriver	INFO	Listening on 127.0.0.1:62734
1534444675513	mozrunner::runner	INFO	Running command: "/Applications/Firefox.app/Contents/MacOS/firefox-bin" "-marionette" "-foreground" "-no-remote" "-profile" "/var/folders/10/kwpwl6d95jj6vhvvxv9l7gbr0000gn/T/rust_mozprofile.PmPiSyjFMNFS"
2018-08-16 11:37:56.766 plugin-container[17587:2710249] *** CFMessagePort: bootstrap_register(): failed 1100 (0x44c) 'Permission denied', port = 0x7203, name = 'com.apple.tsm.portname'
See /usr/include/servers/bootstrap_defs.h for the error codes.
2018-08-16 11:37:57.088 plugin-container[17588:2710274] *** CFMessagePort: bootstrap_register(): failed 1100 (0x44c) 'Permission denied', port = 0x7003, name = 'com.apple.tsm.portname'
See /usr/include/servers/bootstrap_defs.h for the error codes.
1534444677380	Marionette	INFO	Listening on port 62745
1534444677472	Marionette	WARN	TLS certificate errors will be ignored for this session
2018-08-16 11:37:58.156 plugin-container[17589:2710396] *** CFMessagePort: bootstrap_register(): failed 1100 (0x44c) 'Permission denied', port = 0x8e47, name = 'com.apple.tsm.portname'
See /usr/include/servers/bootstrap_defs.h for the error codes.
JavaScript error: http://inventwithpython.com/js/bootstrap.min.js, line 7: Error: Bootstrap tooltips require Tether (http://tether.io/)
1534445829464	geckodriver	INFO	geckodriver 0.21.0
1534445829470	geckodriver	INFO	Listening on 127.0.0.1:63061
1534445830479	mozrunner::runner	INFO	Running command: "/Applications/Firefox.app/Contents/MacOS/firefox-bin" "-marionette" "-foreground" "-no-remote" "-profile" "/var/folders/10/kwpwl6d95jj6vhvvxv9l7gbr0000gn/T/rust_mozprofile.3K8EWa0p75Pv"
2018-08-16 11:57:11.855 plugin-container[17688:2731090] *** CFMessagePort: bootstrap_register(): failed 1100 (0x44c) 'Permission denied', port = 0x780b, name = 'com.apple.tsm.portname'
See /usr/include/servers/bootstrap_defs.h for the error codes.
2018-08-16 11:57:12.136 plugin-container[17689:2731114] *** CFMessagePort: bootstrap_register(): failed 1100 (0x44c) 'Permission denied', port = 0x8943, name = 'com.apple.tsm.portname'
See /usr/include/servers/bootstrap_defs.h for the error codes.
1534445832463	Marionette	INFO	Listening on port 63072
1534445832529	Marionette	WARN	TLS certificate errors will be ignored for this session
2018-08-16 11:57:13.439 plugin-container[17690:2731231] *** CFMessagePort: bootstrap_register(): failed 1100 (0x44c) 'Permission denied', port = 0x753b, name = 'com.apple.tsm.portname'
See /usr/include/servers/bootstrap_defs.h for the error codes.
1534446166728	geckodriver	INFO	geckodriver 0.21.0
1534446166736	geckodriver	INFO	Listening on 127.0.0.1:63185
1534446167741	mozrunner::runner	INFO	Running command: "/Applications/Firefox.app/Contents/MacOS/firefox-bin" "-marionette" "-foreground" "-no-remote" "-profile" "/var/folders/10/kwpwl6d95jj6vhvvxv9l7gbr0000gn/T/rust_mozprofile.NUVIulH4EMu2"
2018-08-16 12:02:49.090 plugin-container[17696:2736692] *** CFMessagePort: bootstrap_register(): failed 1100 (0x44c) 'Permission denied', port = 0x8703, name = 'com.apple.tsm.portname'
See /usr/include/servers/bootstrap_defs.h for the error codes.
2018-08-16 12:02:49.338 plugin-container[17697:2736719] *** CFMessagePort: bootstrap_register(): failed 1100 (0x44c) 'Permission denied', port = 0x883f, name = 'com.apple.tsm.portname'
See /usr/include/servers/bootstrap_defs.h for the error codes.
1534446169629	Marionette	INFO	Listening on port 63192
1534446169702	Marionette	WARN	TLS certificate errors will be ignored for this session
2018-08-16 12:02:50.722 plugin-container[17698:2736834] *** CFMessagePort: bootstrap_register(): failed 1100 (0x44c) 'Permission denied', port = 0x7543, name = 'com.apple.tsm.portname'
See /usr/include/servers/bootstrap_defs.h for the error codes.
console.warn: LoginRecipes: getRecipes: falling back to a synchronous message for: https://login.yahoo.com
console.warn: nsLoginManager: searchLogins: `formSubmitURL` or `httpRealm` is recommended
2018-08-16 12:21:37.672 plugin-container[17767:2755565] *** CFMessagePort: bootstrap_register(): failed 1100 (0x44c) 'Permission denied', port = 0x8343, name = 'com.apple.tsm.portname'
See /usr/include/servers/bootstrap_defs.h for the error codes.
1534447534956	geckodriver	INFO	geckodriver 0.21.0
1534447534966	geckodriver	INFO	Listening on 127.0.0.1:64179
1534447535969	mozrunner::runner	INFO	Running command: "/Applications/Firefox.app/Contents/MacOS/firefox-bin" "-marionette" "-foreground" "-no-remote" "-profile" "/var/folders/10/kwpwl6d95jj6vhvvxv9l7gbr0000gn/T/rust_mozprofile.S3B5tLf1JLBV"
2018-08-16 12:25:37.355 plugin-container[17785:2760144] *** CFMessagePort: bootstrap_register(): failed 1100 (0x44c) 'Permission denied', port = 0x7703, name = 'com.apple.tsm.portname'
See /usr/include/servers/bootstrap_defs.h for the error codes.
2018-08-16 12:25:37.624 plugin-container[17786:2760168] *** CFMessagePort: bootstrap_register(): failed 1100 (0x44c) 'Permission denied', port = 0x7707, name = 'com.apple.tsm.portname'
See /usr/include/servers/bootstrap_defs.h for the error codes.
1534447538125	Marionette	INFO	Listening on port 64194
1534447538225	Marionette	WARN	TLS certificate errors will be ignored for this session
2018-08-16 12:25:39.296 plugin-container[17787:2760286] *** CFMessagePort: bootstrap_register(): failed 1100 (0x44c) 'Permission denied', port = 0x7903, name = 'com.apple.tsm.portname'
See /usr/include/servers/bootstrap_defs.h for the error codes.
console.warn: LoginRecipes: getRecipes: falling back to a synchronous message for: http://bluesparrowpilates.com
console.error: (new TypeError("content.text is undefined", "resource://devtools/shared/base-loader.js -> resource://devtools/server/actors/stylesheets.js", 164))
fetchStylesheetFromNetworkMonitor@resource://devtools/shared/base-loader.js -> resource://devtools/server/actors/stylesheets.js:164:1
fetchStylesheet@resource://devtools/shared/base-loader.js -> resource://devtools/server/actors/stylesheets.js:217:16
getSheetText@resource://devtools/shared/base-loader.js -> resource://devtools/server/actors/stylesheets.js:140:10
_getText@resource://devtools/shared/base-loader.js -> resource://devtools/server/actors/stylesheets.js:506:12
getText@resource://devtools/shared/base-loader.js -> resource://devtools/server/actors/stylesheets.js:489:12
getAuthoredCssText@resource://devtools/shared/base-loader.js -> resource://devtools/server/actors/styles.js:1262:12
getApplied@resource://devtools/shared/base-loader.js -> resource://devtools/server/actors/styles.js:472:13
console.error: "Protocol error (unknownError): content.text is undefined"
console.error: "Protocol error (unknownError): content.text is undefined"
console.error: "Protocol error (unknownError): content.text is undefined"
console.warn: LoginRecipes: getRecipes: falling back to a synchronous message for: http://bluesparrowpilates.com
1534448835582	geckodriver	INFO	geckodriver 0.21.0
1534448835588	geckodriver	INFO	Listening on 127.0.0.1:49519
1534448836594	mozrunner::runner	INFO	Running command: "/Applications/Firefox.app/Contents/MacOS/firefox-bin" "-marionette" "-foreground" "-no-remote" "-profile" "/var/folders/10/kwpwl6d95jj6vhvvxv9l7gbr0000gn/T/rust_mozprofile.VjxgryziWUVo"
2018-08-16 12:47:17.937 plugin-container[17847:2781376] *** CFMessagePort: bootstrap_register(): failed 1100 (0x44c) 'Permission denied', port = 0x7c3f, name = 'com.apple.tsm.portname'
See /usr/include/servers/bootstrap_defs.h for the error codes.
2018-08-16 12:47:18.178 plugin-container[17848:2781401] *** CFMessagePort: bootstrap_register(): failed 1100 (0x44c) 'Permission denied', port = 0x8a07, name = 'com.apple.tsm.portname'
See /usr/include/servers/bootstrap_defs.h for the error codes.
1534448838467	Marionette	INFO	Listening on port 49530
1534448838624	Marionette	WARN	TLS certificate errors will be ignored for this session
2018-08-16 12:47:19.264 plugin-container[17849:2781507] *** CFMessagePort: bootstrap_register(): failed 1100 (0x44c) 'Permission denied', port = 0x6c43, name = 'com.apple.tsm.portname'
See /usr/include/servers/bootstrap_defs.h for the error codes.
1534450086356	geckodriver	INFO	geckodriver 0.21.0
1534450086374	geckodriver	INFO	Listening on 127.0.0.1:54210
1534450087379	mozrunner::runner	INFO	Running command: "/Applications/Firefox.app/Contents/MacOS/firefox-bin" "-marionette" "-foreground" "-no-remote" "-profile" "/var/folders/10/kwpwl6d95jj6vhvvxv9l7gbr0000gn/T/rust_mozprofile.JDX12vGrCnrh"
2018-08-16 13:08:08.748 plugin-container[17919:2801524] *** CFMessagePort: bootstrap_register(): failed 1100 (0x44c) 'Permission denied', port = 0x723f, name = 'com.apple.tsm.portname'
See /usr/include/servers/bootstrap_defs.h for the error codes.
2018-08-16 13:08:08.997 plugin-container[17920:2801549] *** CFMessagePort: bootstrap_register(): failed 1100 (0x44c) 'Permission denied', port = 0x8943, name = 'com.apple.tsm.portname'
See /usr/include/servers/bootstrap_defs.h for the error codes.
1534450089304	Marionette	INFO	Listening on port 54225
1534450089386	Marionette	WARN	TLS certificate errors will be ignored for this session
2018-08-16 13:08:09.852 plugin-container[17921:2801664] *** CFMessagePort: bootstrap_register(): failed 1100 (0x44c) 'Permission denied', port = 0x873f, name = 'com.apple.tsm.portname'
See /usr/include/servers/bootstrap_defs.h for the error codes.
1534450641832	geckodriver	INFO	geckodriver 0.21.0
1534450641849	geckodriver	INFO	Listening on 127.0.0.1:54607
1534450642851	mozrunner::runner	INFO	Running command: "/Applications/Firefox.app/Contents/MacOS/firefox-bin" "-marionette" "-foreground" "-no-remote" "-profile" "/var/folders/10/kwpwl6d95jj6vhvvxv9l7gbr0000gn/T/rust_mozprofile.bOjSWW4riWC8"
2018-08-16 13:17:24.197 plugin-container[17939:2809521] *** CFMessagePort: bootstrap_register(): failed 1100 (0x44c) 'Permission denied', port = 0x743f, name = 'com.apple.tsm.portname'
See /usr/include/servers/bootstrap_defs.h for the error codes.
2018-08-16 13:17:24.427 plugin-container[17940:2809546] *** CFMessagePort: bootstrap_register(): failed 1100 (0x44c) 'Permission denied', port = 0x783f, name = 'com.apple.tsm.portname'
See /usr/include/servers/bootstrap_defs.h for the error codes.
1534450644627	Marionette	INFO	Listening on port 54618
1534450644702	Marionette	WARN	TLS certificate errors will be ignored for this session
2018-08-16 13:17:25.410 plugin-container[17941:2809653] *** CFMessagePort: bootstrap_register(): failed 1100 (0x44c) 'Permission denied', port = 0x783f, name = 'com.apple.tsm.portname'
See /usr/include/servers/bootstrap_defs.h for the error codes.
*** UTM:SVC TimerManager:registerTimer called after profile-before-change notification. Ignoring timer registration for id: telemetry_modules_ping
